1703657656396:hello
1703657664909:help hello
1703657923661:hello varathan
1703657928627:hello
1703658413331:getUser
1703658436846:help getUser
1703658509129:getUser
1703660806707:getUser 2
1703660819832:getUser 6
1703662813980:getUser 2
1703665822724:getDepartments
1703666786291:getSalary 200
1703670933823:getSalary
1703670947805:getSalary 20
1703673954953:addUser 10 "rajan" "rajan" "Admin"
1703674207547:addUser 11 "ram" "ram" "Admin"
1703674407230:getSalary
1703676487433:getDepartment 1
1703677550750:addUser 12 "Sri" "Sri" "HR"
1703677687404:getDepartment 1
1703678326761:getUser 1
1703731361664:addBulkUsers G-G/src/main/resources/users.json
1703731410526:addBulkUsers ./src/main/resources/users.json
1703731435803:addBulkUsers "/src/main/resources/users.json"
1703731632469:addBulkUsers addBulkUsers "\\"./src/main/resources/users.json\\""
1703731694469:addBulkUsers "\\"./src/main/resources/users.json\\""
1703731760761:addBulkUsers C:/Users/varat/Documents/JavaCodes/G&G/G-G/src/main/resources/users.json
1703732774462:addBulkUsers ./src/main/resources/users.json
